Using pre-set license
Built from '2020.3/staging' branch; Version is '2020.3.8f1 (507919d4fff5) revision 5273881'; Using compiler version '192528614'; Build Type 'Release'
OS: 'Windows 10 Home Single Language; OS build 19045.3208; Version 2009; 64bit' Language: 'ru' Physical Memory: 8013 MB
BatchMode: 1, IsHumanControllingUs: 0, StartBugReporterOnCrash: 0, Is64bit: 1, IsPro: 0

 COMMAND LINE ARGUMENTS:
C:\Program Files\Unity\Hub\Editor\2020.3.8f1\Editor\Unity.exe
-adb2
-batchMode
-noUpm
-name
AssetImportWorker0
-projectPath
C:/Users/msirg/2dmtucii
-logFile
Logs/AssetImportWorker0.log
-srvPort
51849
Successfully changed project path to: C:/Users/msirg/2dmtucii
C:/Users/msirg/2dmtucii
Using Asset Import Pipeline V2.
Refreshing native plugins compatible for Editor in 136.64 ms, found 1 plugins.
Preloading 0 native plugins for Editor in 0.00 ms.
Initialize engine version: 2020.3.8f1 (507919d4fff5)
[Subsystems] Discovering subsystems at path C:/Program Files/Unity/Hub/Editor/2020.3.8f1/Editor/Data/Resources/UnitySubsystems
[Subsystems] Discovering subsystems at path C:/Users/msirg/2dmtucii/Assets
GfxDevice: creating device client; threaded=0
Direct3D:
    Version:  Direct3D 11.0 [level 11.1]
    Renderer: NVIDIA GeForce RTX 3060 Laptop GPU (ID=0x2520)
    Vendor:   
    VRAM:     6023 MB
    Driver:   27.21.14.6140
Initialize mono
Mono path[0] = 'C:/Program Files/Unity/Hub/Editor/2020.3.8f1/Editor/Data/Managed'
Mono path[1] = 'C:/Program Files/Unity/Hub/Editor/2020.3.8f1/Editor/Data/MonoBleedingEdge/lib/mono/unityjit'
Mono config path = 'C:/Program Files/Unity/Hub/Editor/2020.3.8f1/Editor/Data/MonoBleedingEdge/etc'
Using monoOptions --debugger-agent=transport=dt_socket,embedding=1,server=y,suspend=n,address=127.0.0.1:56144
Begin MonoManager ReloadAssembly
Registering precompiled unity dll's ...
Register platform support module: C:/Program Files/Unity/Hub/Editor/2020.3.8f1/Editor/Data/PlaybackEngines/WindowsStandaloneSupport/UnityEditor.WindowsStandalone.Extensions.dll
Registered in 0.005718 seconds.
Native extension for WindowsStandalone target not found
Refreshing native plugins compatible for Editor in 120.25 ms, found 1 plugins.
Preloading 0 native plugins for Editor in 0.00 ms.
Mono: successfully reloaded assembly
- Completed reload, in  4.976 seconds
Platform modules already initialized, skipping
Registering precompiled user dll's ...
Registered in 0.001788 seconds.
Begin MonoManager ReloadAssembly
Native extension for WindowsStandalone target not found
Refreshing native plugins compatible for Editor in 119.56 ms, found 1 plugins.
Preloading 0 native plugins for Editor in 0.00 ms.
Mono: successfully reloaded assembly
- Completed reload, in  2.285 seconds
Platform modules already initialized, skipping
========================================================================
Worker process is ready to serve import requests
Launched and connected shader compiler UnityShaderCompiler.exe after 0.22 seconds
Refreshing native plugins compatible for Editor in 3.24 ms, found 1 plugins.
Preloading 0 native plugins for Editor in 0.00 ms.
Unloading 1818 Unused Serialized files (Serialized files now loaded: 0)
System memory in use before: 85.5 MB.
System memory in use after: 85.4 MB.

Unloading 24 unused Assets to reduce memory usage. Loaded Objects now: 2262.
Total: 9.728000 ms (FindLiveObjects: 1.273900 ms CreateObjectMapping: 0.723700 ms MarkObjects: 7.171100 ms  DeleteObjects: 0.552300 ms)

========================================================================
Received Import Request.
  path: Assets/Scenes/Lvl1 1.unity
  artifactKey: Guid(b5448f0af0dbfbd44893c1803bd29ce4) Importer(815301076,1909f56bfc062723c751e8b465ee728b)
Start importing Assets/Scenes/Lvl1 1.unity using Guid(b5448f0af0dbfbd44893c1803bd29ce4) Importer(815301076,1909f56bfc062723c751e8b465ee728b)  -> (artifact id: '15f26fa3f651cfc4ef9f0e648fb0a4cb') in 0.108597 seconds
  Import took 0.129505 seconds .

========================================================================
Received Import Request.
  Time since last request: 0.003041 seconds.
  path: Assets/Scenes/Lvl2.unity
  artifactKey: Guid(2cda990e2423bbf4892e6590ba056729) Importer(815301076,1909f56bfc062723c751e8b465ee728b)
Start importing Assets/Scenes/Lvl2.unity using Guid(2cda990e2423bbf4892e6590ba056729) Importer(815301076,1909f56bfc062723c751e8b465ee728b)  -> (artifact id: '8cac1ef213bcde90d54f25b588decd5b') in 0.048093 seconds
  Import took 0.061197 seconds .

========================================================================
Received Prepare
Refreshing native plugins compatible for Editor in 12.67 ms, found 1 plugins.
Preloading 0 native plugins for Editor in 0.00 ms.
Unloading 10 Unused Serialized files (Serialized files now loaded: 0)
System memory in use before: 49.6 MB.
System memory in use after: 49.6 MB.

Unloading 10 unused Assets to reduce memory usage. Loaded Objects now: 2262.
Total: 16.053100 ms (FindLiveObjects: 1.276100 ms CreateObjectMapping: 0.776000 ms MarkObjects: 12.540800 ms  DeleteObjects: 1.444900 ms)

========================================================================
Received Import Request.
  Time since last request: 29.926795 seconds.
  path: Assets/Scripts/ItemCollector.cs
  artifactKey: Guid(b0a00567b9a406b459ade5a336daede8) Importer(815301076,1909f56bfc062723c751e8b465ee728b)
Start importing Assets/Scripts/ItemCollector.cs using Guid(b0a00567b9a406b459ade5a336daede8) Importer(815301076,1909f56bfc062723c751e8b465ee728b)  -> (artifact id: 'b6cfd53dc9df3b5f4146b5a05c9368c2') in 0.160743 seconds
  Import took 0.167516 seconds .

========================================================================
Received Import Request.
  Time since last request: 0.458752 seconds.
  path: Assets/Scripts/Liebe.cs
  artifactKey: Guid(d78585fb6eda6f54ebc65227e280fea1) Importer(815301076,1909f56bfc062723c751e8b465ee728b)
Start importing Assets/Scripts/Liebe.cs using Guid(d78585fb6eda6f54ebc65227e280fea1) Importer(815301076,1909f56bfc062723c751e8b465ee728b)  -> (artifact id: 'a2a13a75b84e174f65fea0c1d9dbbf68') in 0.041801 seconds
  Import took 0.051891 seconds .

========================================================================
Received Import Request.
  Time since last request: 1.026243 seconds.
  path: Assets/Scripts/PlayerMove.cs
  artifactKey: Guid(bdd6f1562cfe2d548b9d52148d147379) Importer(815301076,1909f56bfc062723c751e8b465ee728b)
Start importing Assets/Scripts/PlayerMove.cs using Guid(bdd6f1562cfe2d548b9d52148d147379) Importer(815301076,1909f56bfc062723c751e8b465ee728b)  -> (artifact id: 'e8ece528369f044676a48b2230fed37c') in 0.026892 seconds
  Import took 0.039411 seconds .

========================================================================
Received Import Request.
  Time since last request: 0.023864 seconds.
  path: Assets/Scripts/PlayerMove.cs
  artifactKey: Guid(bdd6f1562cfe2d548b9d52148d147379) Importer(815301076,1909f56bfc062723c751e8b465ee728b)
Start importing Assets/Scripts/PlayerMove.cs using Guid(bdd6f1562cfe2d548b9d52148d147379) Importer(815301076,1909f56bfc062723c751e8b465ee728b)  -> (artifact id: 'e8ece528369f044676a48b2230fed37c') in 0.006696 seconds
  Import took 0.014119 seconds .

========================================================================
Received Prepare
Registering precompiled user dll's ...
Registered in 0.118982 seconds.
Begin MonoManager ReloadAssembly
Native extension for WindowsStandalone target not found
Refreshing native plugins compatible for Editor in 0.39 ms, found 1 plugins.
Preloading 0 native plugins for Editor in 0.00 ms.
Mono: successfully reloaded assembly
- Completed reload, in  7.158 seconds
Platform modules already initialized, skipping
Refreshing native plugins compatible for Editor in 0.44 ms, found 1 plugins.
Preloading 0 native plugins for Editor in 0.00 ms.
Unloading 1813 Unused Serialized files (Serialized files now loaded: 0)
System memory in use before: 85.5 MB.
System memory in use after: 85.5 MB.

Unloading 12 unused Assets to reduce memory usage. Loaded Objects now: 2266.
Total: 4.272900 ms (FindLiveObjects: 1.604000 ms CreateObjectMapping: 0.755300 ms MarkObjects: 1.798600 ms  DeleteObjects: 0.111300 ms)

========================================================================
Received Prepare
Registering precompiled user dll's ...
Registered in 0.001002 seconds.
Begin MonoManager ReloadAssembly
Native extension for WindowsStandalone target not found
Refreshing native plugins compatible for Editor in 0.38 ms, found 1 plugins.
Preloading 0 native plugins for Editor in 0.00 ms.
Mono: successfully reloaded assembly
- Completed reload, in  0.818 seconds
Platform modules already initialized, skipping
Refreshing native plugins compatible for Editor in 0.49 ms, found 1 plugins.
Preloading 0 native plugins for Editor in 0.00 ms.
Unloading 1813 Unused Serialized files (Serialized files now loaded: 0)
System memory in use before: 85.5 MB.
System memory in use after: 85.5 MB.

Unloading 12 unused Assets to reduce memory usage. Loaded Objects now: 2270.
Total: 1.812700 ms (FindLiveObjects: 0.168800 ms CreateObjectMapping: 0.054900 ms MarkObjects: 1.484700 ms  DeleteObjects: 0.103400 ms)

AssetImportWorkerClient::OnTransportError - code=2 error=End of file
